<?xml version="1.0" encoding="UTF-8"?>
<!-- Generated by org.testng.reporters.JUnitReportReporter -->
<testsuite hostname="Amit" failures="0" tests="2" name="TestCases.LoginLogout" time="8.472" errors="0" timestamp="2024-12-14T09:31:10 IST" skipped="0">
  <testcase classname="TestCases.LoginLogout" name="loginActiTime" time="3.171"/>
  <system-out/>
  <testcase classname="TestCases.LoginLogout" name="logoutActiTime" time="5.301"/>
  <system-out/>
</testsuite> <!-- TestCases.LoginLogout -->
